Build started 12/5/2016 10:33:42 PM.
     1>Project "C:\Users\Xiaosa Yang\Desktop\CIS22B_Lab4_Xiaosa Yang\trunk\CIS22B_Lab4_AndrewTorrellas\CIS22B_Lab4_AndrewTorrellas\CIS22B_Lab4_AndrewTorrellas\CIS22B_Lab4_AndrewTorrellas.vcxproj" on node 2 (Build target(s)).
     1>ClCompile:
         C:\Program Files (x86)\Microsoft Visual Studio 12.0\VC\bin\CL.exe /c /ZI /nologo /W3 /WX- /sdl /Od /Oy- /D _MBCS /Gm /EHsc /RTC1 /MDd /GS /fp:precise /Zc:wchar_t /Zc:forScope /Fo"Debug\\" /Fd"Debug\vc120.pdb" /Gd /TP /analyze- /errorReport:prompt Main.cpp
         Main.cpp
     1>c:\users\xiaosa yang\desktop\cis22b_lab4_xiaosa yang\trunk\cis22b_lab4_andrewtorrellas\cis22b_lab4_andrewtorrellas\cis22b_lab4_andrewtorrellas\main.cpp(35): warning C4244: 'return' : conversion from 'double' to 'int', possible loss of data
                 c:\users\xiaosa yang\desktop\cis22b_lab4_xiaosa yang\trunk\cis22b_lab4_andrewtorrellas\cis22b_lab4_andrewtorrellas\cis22b_lab4_andrewtorrellas\main.cpp(137) : see reference to function template instantiation 'H total<int>(H)' being compiled
                 with
                 [
                     H=int
                 ]
     1>c:\users\xiaosa yang\desktop\cis22b_lab4_xiaosa yang\trunk\cis22b_lab4_andrewtorrellas\cis22b_lab4_andrewtorrellas\cis22b_lab4_andrewtorrellas\main.cpp(35): warning C4244: 'return' : conversion from 'double' to 'float', possible loss of data
                 c:\users\xiaosa yang\desktop\cis22b_lab4_xiaosa yang\trunk\cis22b_lab4_andrewtorrellas\cis22b_lab4_andrewtorrellas\cis22b_lab4_andrewtorrellas\main.cpp(142) : see reference to function template instantiation 'H total<float>(H)' being compiled
                 with
                 [
                     H=float
                 ]
       Link:
         C:\Program Files (x86)\Microsoft Visual Studio 12.0\VC\bin\link.exe /ERRORREPORT:PROMPT /OUT:"C:\Users\Xiaosa Yang\Desktop\CIS22B_Lab4_Xiaosa Yang\trunk\CIS22B_Lab4_AndrewTorrellas\CIS22B_Lab4_AndrewTorrellas\Debug\CIS22B_Lab4_AndrewTorrellas.exe" /INCREMENTAL /NOLOGO kernel32.lib user32.lib gdi32.lib winspool.lib comdlg32.lib advapi32.lib shell32.lib ole32.lib oleaut32.lib uuid.lib odbc32.lib odbccp32.lib /MANIFEST /MANIFESTUAC:"level='asInvoker' uiAccess='false'" /manifest:embed /DEBUG /PDB:"C:\Users\Xiaosa Yang\Desktop\CIS22B_Lab4_Xiaosa Yang\trunk\CIS22B_Lab4_AndrewTorrellas\CIS22B_Lab4_AndrewTorrellas\Debug\CIS22B_Lab4_AndrewTorrellas.pdb" /TLBID:1 /DYNAMICBASE /NXCOMPAT /IMPLIB:"C:\Users\Xiaosa Yang\Desktop\CIS22B_Lab4_Xiaosa Yang\trunk\CIS22B_Lab4_AndrewTorrellas\CIS22B_Lab4_AndrewTorrellas\Debug\CIS22B_Lab4_AndrewTorrellas.lib" /MACHINE:X86 Debug\Main.obj
         CIS22B_Lab4_AndrewTorrellas.vcxproj -> C:\Users\Xiaosa Yang\Desktop\CIS22B_Lab4_Xiaosa Yang\trunk\CIS22B_Lab4_AndrewTorrellas\CIS22B_Lab4_AndrewTorrellas\Debug\CIS22B_Lab4_AndrewTorrellas.exe
     1>Done Building Project "C:\Users\Xiaosa Yang\Desktop\CIS22B_Lab4_Xiaosa Yang\trunk\CIS22B_Lab4_AndrewTorrellas\CIS22B_Lab4_AndrewTorrellas\CIS22B_Lab4_AndrewTorrellas\CIS22B_Lab4_AndrewTorrellas.vcxproj" (Build target(s)).

Build succeeded.

Time Elapsed 00:00:01.00
